[debug] [2024-01-22T12:47:50.037Z] ----------------------------------------------------------------------
[debug] [2024-01-22T12:47:50.039Z] Command:       C:\Program Files\nodejs\node.exe C:\Users\mdfai\AppData\Roaming\npm\node_modules\firebase-tools\lib\bin\firebase.js init
[debug] [2024-01-22T12:47:50.039Z] CLI Version:   13.0.3
[debug] [2024-01-22T12:47:50.039Z] Platform:      win32
[debug] [2024-01-22T12:47:50.039Z] Node Version:  v20.10.0
[debug] [2024-01-22T12:47:50.039Z] Time:          Mon Jan 22 2024 18:17:50 GMT+0530 (India Standard Time)
[debug] [2024-01-22T12:47:50.039Z] ----------------------------------------------------------------------
[debug] 
[debug] [2024-01-22T12:47:50.043Z] > command requires scopes: ["email","openid","https://www.googleapis.com/auth/cloudplatformprojects.readonly","https://www.googleapis.com/auth/firebase","https://www.googleapis.com/auth/cloud-platform"]
[debug] [2024-01-22T12:47:50.044Z] > authorizing via signed-in user (mdfaizan7563@gmail.com)
[info] 
     ######## #### ########  ######## ########     ###     ######  ########
     ##        ##  ##     ## ##       ##     ##  ##   ##  ##       ##
     ######    ##  ########  ######   ########  #########  ######  ######
     ##        ##  ##    ##  ##       ##     ## ##     ##       ## ##
     ##       #### ##     ## ######## ########  ##     ##  ######  ########

You're about to initialize a Firebase project in this directory:

  D:\React\google-keep-clone

[info] 
=== Project Setup
[info] 
[info] First, let's associate this project directory with a Firebase project.
[info] You can create multiple project aliases by running firebase use --add, 
[info] but for now we'll just set up a default project.
[info] 
[info] i  If you want to create a project in a Google Cloud organization or folder, please use "firebase projects:create" instead, and return to this command when you've created the project. 
